arm-none-eabi-g++
-mlittle-endian
-mcpu=cortex-a9
-marm
-mno-thumb-interwork
-g
-Wall
-O0
-gdwarf-2
-mfloat-abi=hard
-mfpu=vfpv3
-fsigned-char
-DTOPPERS_RZA1H
-DTOPPERS_EXECUTE_ON_ROM
-D__TARGET_ARCH_ARM=7
-DTOPPERS_SUPPORT_PROTECT
-I.
-I../../include
-I../../arch
-I../..
-I../../target/gr_peach_gcc
-I../../arch/arm_gcc/rza1
-I../../arch/arm_gcc/common
-I../../arch/gcc
-I../../OBJ
-I../common
-I../common/ev3api
-I../common/ev3api/include
-I../common/ev3api/src
-I../../target/gr_peach_gcc
-I../../target/gr_peach_gcc/pil/include
-I../../target/gr_peach_gcc/pil/src
-I../../target/gr_peach_gcc/platform/src
-I../../target/gr_peach_gcc/platform/include
-I../../target/gr_peach_gcc/drivers/gpio/src
-I../../target/gr_peach_gcc/drivers/gpio/include
-I../../target/gr_peach_gcc/drivers/brick/src
-I../../target/gr_peach_gcc/drivers/brick/include
-I../../target/gr_peach_gcc/drivers/uart/src
-I../../target/gr_peach_gcc/drivers/uart/include
-I../../target/gr_peach_gcc/drivers/motor/src
-I../../target/gr_peach_gcc/drivers/motor/include
-I../../target/gr_peach_gcc/drivers/common/include
-I../../target/gr_peach_gcc/TLSF-2.4.6/include
-I../../target/gr_peach_gcc/TLSF-2.4.6/src
-I../../target/gr_peach_gcc/athrill
-I../../../athrill/apl/include
-I../../../athrill/apl/src
-I../../../asp-athrill-mbed/mbed-lib/EthernetInterface/lwip-athrill
-I../../../asp-athrill-mbed/mbed-lib/EthernetInterface/lwip-athrill/include
-I../../../asp-athrill-mbed/mbed-lib/EthernetInterface
-I../../../asp-athrill-mbed/mbed-lib/EthernetInterface/lwip-sys
-I../../../asp-athrill-mbed/mbed-lib/EthernetInterface/Socket
-I../../../asp-athrill-mbed/mbed-lib/EthernetInterface/lwip
-I../../../asp-athrill-mbed/mbed-lib/EthernetInterface/lwip/include
-I../../../asp-athrill-mbed/mbed-lib/EthernetInterface/lwip/include/ipv4
-I../../../mROS/mros-lib/mros-src/inc
-I../../../mROS/mros-lib/mros-src/api
-I../../../mROS/mros-lib/mros-src/lib
-I../../../mROS/mros-lib/mros-src/os
-I../../../mROS/mros-lib/mros-src/protocol/cimpl
-I../../../mROS/mros-lib/mros-src/node/cimpl
-I../../../mROS/mros-lib/mros-src/topic/cimpl
-I../../../mROS/mros-lib/mros-src/os/target/os_asp
-I../../../mROS/mros-lib/mros-src/comm/cimpl/target/lwip
-I../../../mROS/mros-lib/mros-src/comm/cimpl
-I../../../mROS/mros-lib/mros-src/packet/cimpl
-I../../../mROS/mros-lib/mros-src/packet/template/version/kinetic
-I../../../mROS/mros-lib/mros-src/packet/cimpl/version/kinetic
-I../../../mROS/mros-lib/mros-src/protocol/cimpl
-I../../../mROS/mros-lib/mros-src/transfer/cimpl
-I./mros_config
-I./mros_config/os/target/os_asp
-I./include
-I../../../mROS/mros-lib/mros-msgs
-mlittle-endian
-nostartfiles
--specs=nano.specs

start
-N
-mcpu=cortex-a9
-L
/usr/lib/arm-none-eabi/newlib/hard
-L
/usr/lib/gcc/arm-none-eabi/6.3.1/hard
-L.
-Wl,--gc-sections
-u
_printf_float
-u
_scanf_float
-T
../../target/gr_peach_gcc/gr_peach_rom.ld
-o
asp
\
log_output.o
vasyslog.o
t_perror.o
strerror.o
ev3main.o
ev3_svc.o
driver_interface_brick.o
brick_dri.o
uart_dri.o
motor_dri.o
gpio_dri.o
athrill-libgcc.o
athrill-syscall.o
mros_comm_cimpl.o
mros_comm_socket_cimpl.o
mros_comm_tcp_client_cimpl.o
mros_comm_tcp_client_factory_cimpl.o
mros_comm_tcp_server_cimpl.o
mros_memory.o
mros_wait_queue.o
mros_node_cimpl.o
mros_exclusive_area.o
mros_exclusive_ops.o
mros_os.o
mros_packet_decoder_cimpl.o
mros_packet_encoder_cimpl.o
mros_protocol_client_rpc_cimpl.o
mros_protocol_master_cimpl.o
mros_protocol_operation_cimpl.o
mros_protocol_publish_cimpl.o
mros_protocol_server_proc_cimpl.o
mros_protocol_slave_cimpl.o
mros_protocol_subscribe_cimpl.o
mros_topic_data_publisher_cimpl.o
mros_topic_data_subscriber_cimpl.o
mros_topic_cimpl.o
mros_topic_connector_cimpl.o
mros_topic_connector_factory_cimpl.o
mros_name.o
mros_sys_config.o
mros_usr_config.o
mros_os_config.o
ev3api.o
ev3api_battery.o
ev3api_brick.o
ev3api_fs.o
ev3api_speaker.o
ev3api_lcd.o
ev3api_motor.o
ev3api_newlib.o
ev3api_sensor.o
app.o
ros.o
chip_serial.o
scif.o
banner.o
syslog.o
serial.o
logtask.o
kernel_cfg.o
-nostartfiles
libkernel.a
-lstdc++
-lsupc++
-lc
-lc
-lgcc
-lm
-lnosys
arm-none-eabi-nm
asp
>
asp.syms
arm-none-eabi-objcopy
-O
srec
-S
asp
asp.srec
../../cfg/cfg/cfg
--pass
3
--kernel
asp
-I.
-I../../include
-I../../arch
-I../..
-I../../target/gr_peach_gcc
-I../../arch/arm_gcc/rza1
-I../../arch/arm_gcc/common
-I../../arch/gcc
-I../../OBJ
-I../common
-I../common/ev3api
-I../common/ev3api/include
-I../common/ev3api/src
-I../../target/gr_peach_gcc
-I../../target/gr_peach_gcc/pil/include
-I../../target/gr_peach_gcc/pil/src
-I../../target/gr_peach_gcc/platform/src
-I../../target/gr_peach_gcc/platform/include
-I../../target/gr_peach_gcc/drivers/gpio/src
-I../../target/gr_peach_gcc/drivers/gpio/include
-I../../target/gr_peach_gcc/drivers/brick/src
-I../../target/gr_peach_gcc/drivers/brick/include
-I../../target/gr_peach_gcc/drivers/uart/src
-I../../target/gr_peach_gcc/drivers/uart/include
-I../../target/gr_peach_gcc/drivers/motor/src
-I../../target/gr_peach_gcc/drivers/motor/include
-I../../target/gr_peach_gcc/drivers/common/include
-I../../target/gr_peach_gcc/TLSF-2.4.6/include
-I../../target/gr_peach_gcc/TLSF-2.4.6/src
-I../../target/gr_peach_gcc/athrill
-I../../../athrill/apl/include
-I../../../athrill/apl/src
-I../../../asp-athrill-mbed/mbed-lib/EthernetInterface/lwip-athrill
-I../../../asp-athrill-mbed/mbed-lib/EthernetInterface/lwip-athrill/include
-I../../../asp-athrill-mbed/mbed-lib/EthernetInterface
-I../../../asp-athrill-mbed/mbed-lib/EthernetInterface/lwip-sys
-I../../../asp-athrill-mbed/mbed-lib/EthernetInterface/Socket
-I../../../asp-athrill-mbed/mbed-lib/EthernetInterface/lwip
-I../../../asp-athrill-mbed/mbed-lib/EthernetInterface/lwip/include
-I../../../asp-athrill-mbed/mbed-lib/EthernetInterface/lwip/include/ipv4
-I../../../mROS/mros-lib/mros-src/inc
-I../../../mROS/mros-lib/mros-src/api
-I../../../mROS/mros-lib/mros-src/lib
-I../../../mROS/mros-lib/mros-src/os
-I../../../mROS/mros-lib/mros-src/protocol/cimpl
-I../../../mROS/mros-lib/mros-src/node/cimpl
-I../../../mROS/mros-lib/mros-src/topic/cimpl
-I../../../mROS/mros-lib/mros-src/os/target/os_asp
-I../../../mROS/mros-lib/mros-src/comm/cimpl/target/lwip
-I../../../mROS/mros-lib/mros-src/comm/cimpl
-I../../../mROS/mros-lib/mros-src/packet/cimpl
-I../../../mROS/mros-lib/mros-src/packet/template/version/kinetic
-I../../../mROS/mros-lib/mros-src/packet/cimpl/version/kinetic
-I../../../mROS/mros-lib/mros-src/protocol/cimpl
-I../../../mROS/mros-lib/mros-src/transfer/cimpl
-I./mros_config
-I./mros_config/os/target/os_asp
-I./include
-I../../../mROS/mros-lib/mros-msgs
\
--rom-image
asp.srec
--symbol-table
asp.syms
\
-T
../../target/gr_peach_gcc/target_check.tf
--api-table
../../kernel/kernel_api.csv
--cfg1-def-table
../../kernel/kernel_def.csv
--cfg1-def-table
../../arch/arm_gcc/common/core_def.csv
--api-table
../common/ev3api/ev3api.csv
app.cfg
check
complete
cp
asp
../asp
