arm-none-eabi-gcc
-c
-mfpu=vfpv3
-mfloat-abi=hard
-mlittle-endian
-mcpu=cortex-a9
-marm
-mno-thumb-interwork
-g
-O0
-gdwarf-2
-Wall
-DTARGET_ATHRILL
-DLWIP_TRANSPORT_ETHERNET
-DGRPEACH
-DMROS_LOG_DISABLE_WARN
-DTOPPERS_EXECUTE_ON_ROM
-D__TARGET_ARCH_ARM=7
-I.
-I../../../../../asp-athrill-mbed/asp-arm-athrill/include
-I../../../../../asp-athrill-mbed/asp-arm-athrill/arch
-I../../../../../asp-athrill-mbed/asp-arm-athrill
-I../../../../../asp-athrill-mbed/mbed-lib/EthernetInterface/lwip
-I../../../../../asp-athrill-mbed/mbed-lib/EthernetInterface/lwip/include
-I../../../../../asp-athrill-mbed/mbed-lib/EthernetInterface/lwip-athrill/include
-I../../../../../asp-athrill-mbed/mbed-lib/EthernetInterface/lwip-sys
-I../../../../../asp-athrill-mbed/mbed-lib/EthernetInterface/lwip/include/ipv4
-I../../../../../asp-athrill-mbed/mbed-lib/mbed-src/api
-I../../../../../asp-athrill-mbed/mbed-lib/EthernetInterface
-I../../../../../asp-athrill-mbed/mbed-lib/EthernetInterface/Socket
-I../driver
-I../../../../../mROS/mros-lib/mros-src/inc
-I../../../../../mROS/mros-lib/mros-src/api
-I../../../../../mROS/mros-lib/mros-src/protocol/cimpl
-I../../../../../mROS/mros-lib/mros-src/node/cimpl
-I../../../../../mROS/mros-lib/mros-src/topic/cimpl
-I../../../../../mROS/mros-lib/mros-src/os/target/os_asp
-I../../../../../mROS/mros-lib/mros-src/comm/cimpl/target/lwip
-I../../../../../mROS/mros-lib/mros-src/comm/cimpl
-I../../../../../mROS/mros-lib/mros-src/packet/cimpl
-I../../../../../mROS/mros-lib/mros-src/packet/template/version/kinetic
-I../../../../../mROS/mros-lib/mros-src/packet/cimpl/version/kinetic
-I../../../../../mROS/mros-lib/mros-src/protocol/cimpl
-I../../../../../mROS/mros-lib/mros-src/transfer/cimpl
-I../../../../../mROS/mros-lib/mros-msg
-I../../../../../mROS/mros-lib/../mros_ws//include
-I../../../../../mROS/mros-lib/mros-msgs
-I./mros_config
-I./mros_config/os/target/os_asp
-I./include
-I../../../../../asp-athrill-mbed/asp-arm-athrill/target/gr_peach_gcc
-I../../../../../asp-athrill-mbed/asp-arm-athrill/arch/arm_gcc/rza1
-I../../../../../asp-athrill-mbed/asp-arm-athrill/arch/arm_gcc/common
-I../../../../../asp-athrill-mbed/asp-arm-athrill/arch/gcc
-I.
-I../../../../../asp-athrill-mbed/mbed-lib/EthernetInterface/lwip-athrill
-I../../../../../asp-athrill-mbed/mbed-lib/EthernetInterface
-I../../../../../asp-athrill-mbed/mbed-lib/EthernetInterface/Socket
-I./mros_config
-I./mros_config/os/target/os_asp
../../../../../asp-athrill-mbed/asp-arm-athrill/syssvc/banner.c
arm-none-eabi-g++
-mfpu=vfpv3
-mfloat-abi=hard
-mlittle-endian
-mcpu=cortex-a9
-marm
-mno-thumb-interwork
-g
-O0
-gdwarf-2
-Wall
-DTARGET_ATHRILL
-DLWIP_TRANSPORT_ETHERNET
-DGRPEACH
-DMROS_LOG_DISABLE_WARN
-DTOPPERS_EXECUTE_ON_ROM
-D__TARGET_ARCH_ARM=7
-I.
-I../../../../../asp-athrill-mbed/asp-arm-athrill/include
-I../../../../../asp-athrill-mbed/asp-arm-athrill/arch
-I../../../../../asp-athrill-mbed/asp-arm-athrill
-I../../../../../asp-athrill-mbed/mbed-lib/EthernetInterface/lwip
-I../../../../../asp-athrill-mbed/mbed-lib/EthernetInterface/lwip/include
-I../../../../../asp-athrill-mbed/mbed-lib/EthernetInterface/lwip-athrill/include
-I../../../../../asp-athrill-mbed/mbed-lib/EthernetInterface/lwip-sys
-I../../../../../asp-athrill-mbed/mbed-lib/EthernetInterface/lwip/include/ipv4
-I../../../../../asp-athrill-mbed/mbed-lib/mbed-src/api
-I../../../../../asp-athrill-mbed/mbed-lib/EthernetInterface
-I../../../../../asp-athrill-mbed/mbed-lib/EthernetInterface/Socket
-I../driver
-I../../../../../mROS/mros-lib/mros-src/inc
-I../../../../../mROS/mros-lib/mros-src/api
-I../../../../../mROS/mros-lib/mros-src/protocol/cimpl
-I../../../../../mROS/mros-lib/mros-src/node/cimpl
-I../../../../../mROS/mros-lib/mros-src/topic/cimpl
-I../../../../../mROS/mros-lib/mros-src/os/target/os_asp
-I../../../../../mROS/mros-lib/mros-src/comm/cimpl/target/lwip
-I../../../../../mROS/mros-lib/mros-src/comm/cimpl
-I../../../../../mROS/mros-lib/mros-src/packet/cimpl
-I../../../../../mROS/mros-lib/mros-src/packet/template/version/kinetic
-I../../../../../mROS/mros-lib/mros-src/packet/cimpl/version/kinetic
-I../../../../../mROS/mros-lib/mros-src/protocol/cimpl
-I../../../../../mROS/mros-lib/mros-src/transfer/cimpl
-I../../../../../mROS/mros-lib/mros-msg
-I../../../../../mROS/mros-lib/../mros_ws//include
-I../../../../../mROS/mros-lib/mros-msgs
-I./mros_config
-I./mros_config/os/target/os_asp
-I./include
-I../../../../../asp-athrill-mbed/asp-arm-athrill/target/gr_peach_gcc
-I../../../../../asp-athrill-mbed/asp-arm-athrill/arch/arm_gcc/rza1
-I../../../../../asp-athrill-mbed/asp-arm-athrill/arch/arm_gcc/common
-I../../../../../asp-athrill-mbed/asp-arm-athrill/arch/gcc
-I.
-I../../../../../asp-athrill-mbed/mbed-lib/EthernetInterface/lwip-athrill
-I../../../../../asp-athrill-mbed/mbed-lib/EthernetInterface
-I../../../../../asp-athrill-mbed/mbed-lib/EthernetInterface/Socket
-I./mros_config
-I./mros_config/os/target/os_asp
-L
/usr/lib/arm-none-eabi/newlib/hard
-L/usr/lib/gcc/arm-none-eabi/6.3.1/hard
-Wl,--gc-sections
-nostartfiles
-u
_printf_float
-u
_scanf_float
-Wl,-Map=GR-PEACH_mbed.map,--cref
-mlittle-endian
-nostartfiles

start
-L
/usr/lib/arm-none-eabi/newlib/fpu/
-N
-mcpu=cortex-a9
-L.
-T
../../../../../asp-athrill-mbed/asp-arm-athrill/target/gr_peach_gcc/gr_peach_rom.ld
-o
asp.elf
\
mros_sys_config.o
mros_usr_config.o
mros_os_config.o
log_output.o
vasyslog.o
t_perror.o
strerror.o
app.o
chip_serial.o
scif.o
banner.o
syslog.o
serial.o
logtask.o
kernel_cfg.o
libmros.a
libmbed.a
-lkernel
/usr/lib/arm-none-eabi/newlib/hard/libc.a
/usr/lib/gcc/arm-none-eabi/6.3.1/hard/libgcc.a
-lstdc++
-lsupc++
-lm
-lc
-lgcc
-lnosys
